[NbConvertApp] Converting notebook C:/Users/Yyy/AppData/Local/Temp/jekyll-jupyter-notebook20260515-40564-h5zkjp.ipynb to html
  Please add the following to your Gemfile to avoid polling for changes:
    gem 'wdm', '>= 0.1.0'
[NbConvertApp] Converting notebook C:/Users/Yyy/AppData/Local/Temp/jekyll-jupyter-notebook20260515-40564-8mchsc.ipynb to html
[NbConvertApp] Converting notebook C:/Users/Yyy/AppData/Local/Temp/jekyll-jupyter-notebook20260515-40564-8l6h37.ipynb to html
[NbConvertApp] Converting notebook C:/Users/Yyy/AppData/Local/Temp/jekyll-jupyter-notebook20260515-40564-bmzzi3.ipynb to html
[NbConvertApp] Converting notebook C:/Users/Yyy/AppData/Local/Temp/jekyll-jupyter-notebook20260515-40564-phytt8.ipynb to html
[NbConvertApp] Converting notebook C:/Users/Yyy/AppData/Local/Temp/jekyll-jupyter-notebook20260515-40564-89744d.ipynb to html
[NbConvertApp] Converting notebook C:/Users/Yyy/AppData/Local/Temp/jekyll-jupyter-notebook20260515-40564-94onol.ipynb to html
[NbConvertApp] Converting notebook C:/Users/Yyy/AppData/Local/Temp/jekyll-jupyter-notebook20260515-40564-9twrfz.ipynb to html
[NbConvertApp] Converting notebook C:/Users/Yyy/AppData/Local/Temp/jekyll-jupyter-notebook20260515-40564-2k1nip.ipynb to html
[NbConvertApp] Converting notebook C:/Users/Yyy/AppData/Local/Temp/jekyll-jupyter-notebook20260515-40564-hg6hls.ipynb to html
[NbConvertApp] Converting notebook C:/Users/Yyy/AppData/Local/Temp/jekyll-jupyter-notebook20260515-40564-12wjcp.ipynb to html
[NbConvertApp] Converting notebook C:/Users/Yyy/AppData/Local/Temp/jekyll-jupyter-notebook20260515-40564-mcxto.ipynb to html
[NbConvertApp] Converting notebook C:/Users/Yyy/AppData/Local/Temp/jekyll-jupyter-notebook20260515-40564-1igp52.ipynb to html
[NbConvertApp] Converting notebook C:/Users/Yyy/AppData/Local/Temp/jekyll-jupyter-notebook20260515-40564-iuzak0.ipynb to html
[NbConvertApp] Converting notebook C:/Users/Yyy/AppData/Local/Temp/jekyll-jupyter-notebook20260515-40564-hehfda.ipynb to html
[NbConvertApp] Converting notebook C:/Users/Yyy/AppData/Local/Temp/jekyll-jupyter-notebook20260515-40564-9vmqxx.ipynb to html
[NbConvertApp] Converting notebook C:/Users/Yyy/AppData/Local/Temp/jekyll-jupyter-notebook20260515-40564-2p0n.ipynb to html
[NbConvertApp] Converting notebook C:/Users/Yyy/AppData/Local/Temp/jekyll-jupyter-notebook20260515-40564-l93yi0.ipynb to html
[NbConvertApp] Converting notebook C:/Users/Yyy/AppData/Local/Temp/jekyll-jupyter-notebook20260515-40564-ibw6b5.ipynb to html
[NbConvertApp] Converting notebook C:/Users/Yyy/AppData/Local/Temp/jekyll-jupyter-notebook20260515-40564-9sm3sh.ipynb to html
[NbConvertApp] Converting notebook C:/Users/Yyy/AppData/Local/Temp/jekyll-jupyter-notebook20260515-40564-3ze7c3.ipynb to html
[NbConvertApp] Converting notebook C:/Users/Yyy/AppData/Local/Temp/jekyll-jupyter-notebook20260515-40564-umy9cx.ipynb to html
