[NbConvertApp] Converting notebook C:/Users/Yyy/AppData/Local/Temp/jekyll-jupyter-notebook20260503-41048-6iw9iw.ipynb to html
  Please add the following to your Gemfile to avoid polling for changes:
    gem 'wdm', '>= 0.1.0'
[NbConvertApp] Converting notebook C:/Users/Yyy/AppData/Local/Temp/jekyll-jupyter-notebook20260503-41048-61nfmz.ipynb to html
[NbConvertApp] Converting notebook C:/Users/Yyy/AppData/Local/Temp/jekyll-jupyter-notebook20260503-41048-bmhqlh.ipynb to html
[NbConvertApp] Converting notebook C:/Users/Yyy/AppData/Local/Temp/jekyll-jupyter-notebook20260503-41048-yvdgll.ipynb to html
[NbConvertApp] Converting notebook C:/Users/Yyy/AppData/Local/Temp/jekyll-jupyter-notebook20260503-41048-qm5xh1.ipynb to html
[NbConvertApp] Converting notebook C:/Users/Yyy/AppData/Local/Temp/jekyll-jupyter-notebook20260503-41048-a4uike.ipynb to html
[NbConvertApp] Converting notebook C:/Users/Yyy/AppData/Local/Temp/jekyll-jupyter-notebook20260503-41048-2ma5eu.ipynb to html
[NbConvertApp] Converting notebook C:/Users/Yyy/AppData/Local/Temp/jekyll-jupyter-notebook20260503-41048-anzxf5.ipynb to html
[NbConvertApp] Converting notebook C:/Users/Yyy/AppData/Local/Temp/jekyll-jupyter-notebook20260503-41048-2aji5r.ipynb to html
[NbConvertApp] Converting notebook C:/Users/Yyy/AppData/Local/Temp/jekyll-jupyter-notebook20260503-41048-ma33se.ipynb to html
[NbConvertApp] Converting notebook C:/Users/Yyy/AppData/Local/Temp/jekyll-jupyter-notebook20260503-41048-6ajp78.ipynb to html
[NbConvertApp] Converting notebook C:/Users/Yyy/AppData/Local/Temp/jekyll-jupyter-notebook20260503-41048-cr0ux9.ipynb to html
[NbConvertApp] Converting notebook C:/Users/Yyy/AppData/Local/Temp/jekyll-jupyter-notebook20260503-41048-gczn83.ipynb to html
[NbConvertApp] Converting notebook C:/Users/Yyy/AppData/Local/Temp/jekyll-jupyter-notebook20260503-41048-mmu01j.ipynb to html
[NbConvertApp] Converting notebook C:/Users/Yyy/AppData/Local/Temp/jekyll-jupyter-notebook20260503-41048-3pvqpk.ipynb to html
[NbConvertApp] Converting notebook C:/Users/Yyy/AppData/Local/Temp/jekyll-jupyter-notebook20260503-41048-dafue.ipynb to html
[NbConvertApp] Converting notebook C:/Users/Yyy/AppData/Local/Temp/jekyll-jupyter-notebook20260503-41048-f7a17t.ipynb to html
[NbConvertApp] Converting notebook C:/Users/Yyy/AppData/Local/Temp/jekyll-jupyter-notebook20260503-41048-y00615.ipynb to html
[NbConvertApp] Converting notebook C:/Users/Yyy/AppData/Local/Temp/jekyll-jupyter-notebook20260503-41048-z4buo0.ipynb to html
[NbConvertApp] Converting notebook C:/Users/Yyy/AppData/Local/Temp/jekyll-jupyter-notebook20260503-41048-b4n30p.ipynb to html
[NbConvertApp] Converting notebook C:/Users/Yyy/AppData/Local/Temp/jekyll-jupyter-notebook20260503-41048-upc2rx.ipynb to html
[NbConvertApp] Converting notebook C:/Users/Yyy/AppData/Local/Temp/jekyll-jupyter-notebook20260503-41048-axuhp7.ipynb to html
[NbConvertApp] Converting notebook C:/Users/Yyy/AppData/Local/Temp/jekyll-jupyter-notebook20260503-41048-wc045w.ipynb to html
[NbConvertApp] Converting notebook C:/Users/Yyy/AppData/Local/Temp/jekyll-jupyter-notebook20260503-41048-81b5nb.ipynb to html
[NbConvertApp] Converting notebook C:/Users/Yyy/AppData/Local/Temp/jekyll-jupyter-notebook20260503-41048-w7hdnj.ipynb to html
[NbConvertApp] Converting notebook C:/Users/Yyy/AppData/Local/Temp/jekyll-jupyter-notebook20260503-41048-fj6xxa.ipynb to html
[NbConvertApp] Converting notebook C:/Users/Yyy/AppData/Local/Temp/jekyll-jupyter-notebook20260503-41048-zjhk48.ipynb to html
[NbConvertApp] Converting notebook C:/Users/Yyy/AppData/Local/Temp/jekyll-jupyter-notebook20260503-41048-yrcbtr.ipynb to html
[NbConvertApp] Converting notebook C:/Users/Yyy/AppData/Local/Temp/jekyll-jupyter-notebook20260503-41048-nrnw27.ipynb to html
[NbConvertApp] Converting notebook C:/Users/Yyy/AppData/Local/Temp/jekyll-jupyter-notebook20260503-41048-315cwl.ipynb to html
[NbConvertApp] Converting notebook C:/Users/Yyy/AppData/Local/Temp/jekyll-jupyter-notebook20260503-41048-f5tau4.ipynb to html
[NbConvertApp] Converting notebook C:/Users/Yyy/AppData/Local/Temp/jekyll-jupyter-notebook20260503-41048-z2farc.ipynb to html
[NbConvertApp] Converting notebook C:/Users/Yyy/AppData/Local/Temp/jekyll-jupyter-notebook20260503-41048-tap1sl.ipynb to html
[NbConvertApp] Converting notebook C:/Users/Yyy/AppData/Local/Temp/jekyll-jupyter-notebook20260503-41048-2b21hp.ipynb to html
[NbConvertApp] Converting notebook C:/Users/Yyy/AppData/Local/Temp/jekyll-jupyter-notebook20260503-41048-ukblcu.ipynb to html
[NbConvertApp] Converting notebook C:/Users/Yyy/AppData/Local/Temp/jekyll-jupyter-notebook20260503-41048-77vvw.ipynb to html
[NbConvertApp] Converting notebook C:/Users/Yyy/AppData/Local/Temp/jekyll-jupyter-notebook20260503-41048-7ts6cg.ipynb to html
[NbConvertApp] Converting notebook C:/Users/Yyy/AppData/Local/Temp/jekyll-jupyter-notebook20260503-41048-muiggt.ipynb to html
[NbConvertApp] Converting notebook C:/Users/Yyy/AppData/Local/Temp/jekyll-jupyter-notebook20260503-41048-cnezi3.ipynb to html
[NbConvertApp] Converting notebook C:/Users/Yyy/AppData/Local/Temp/jekyll-jupyter-notebook20260503-41048-s33dq0.ipynb to html
[NbConvertApp] Converting notebook C:/Users/Yyy/AppData/Local/Temp/jekyll-jupyter-notebook20260503-41048-xlhf1y.ipynb to html
[NbConvertApp] Converting notebook C:/Users/Yyy/AppData/Local/Temp/jekyll-jupyter-notebook20260503-41048-6iedm.ipynb to html
[NbConvertApp] Converting notebook C:/Users/Yyy/AppData/Local/Temp/jekyll-jupyter-notebook20260503-41048-abybdc.ipynb to html
[NbConvertApp] Converting notebook C:/Users/Yyy/AppData/Local/Temp/jekyll-jupyter-notebook20260503-41048-2e11ym.ipynb to html
[NbConvertApp] Converting notebook C:/Users/Yyy/AppData/Local/Temp/jekyll-jupyter-notebook20260503-41048-9xrzb0.ipynb to html
[NbConvertApp] Converting notebook C:/Users/Yyy/AppData/Local/Temp/jekyll-jupyter-notebook20260503-41048-kov0xh.ipynb to html
[NbConvertApp] Converting notebook C:/Users/Yyy/AppData/Local/Temp/jekyll-jupyter-notebook20260503-41048-xjtsl8.ipynb to html
[NbConvertApp] Converting notebook C:/Users/Yyy/AppData/Local/Temp/jekyll-jupyter-notebook20260503-41048-ou69oz.ipynb to html
[NbConvertApp] Converting notebook C:/Users/Yyy/AppData/Local/Temp/jekyll-jupyter-notebook20260503-41048-1972b0.ipynb to html
[NbConvertApp] Converting notebook C:/Users/Yyy/AppData/Local/Temp/jekyll-jupyter-notebook20260503-41048-lk5v3q.ipynb to html
[NbConvertApp] Converting notebook C:/Users/Yyy/AppData/Local/Temp/jekyll-jupyter-notebook20260503-41048-7fhdk7.ipynb to html
[NbConvertApp] Converting notebook C:/Users/Yyy/AppData/Local/Temp/jekyll-jupyter-notebook20260503-41048-rvjqdg.ipynb to html
[NbConvertApp] Converting notebook C:/Users/Yyy/AppData/Local/Temp/jekyll-jupyter-notebook20260503-41048-8jny2s.ipynb to html
[NbConvertApp] Converting notebook C:/Users/Yyy/AppData/Local/Temp/jekyll-jupyter-notebook20260503-41048-k416tk.ipynb to html
[NbConvertApp] Converting notebook C:/Users/Yyy/AppData/Local/Temp/jekyll-jupyter-notebook20260503-41048-97zkr9.ipynb to html
[NbConvertApp] Converting notebook C:/Users/Yyy/AppData/Local/Temp/jekyll-jupyter-notebook20260503-41048-v3959s.ipynb to html
[NbConvertApp] Converting notebook C:/Users/Yyy/AppData/Local/Temp/jekyll-jupyter-notebook20260503-41048-l8v0jq.ipynb to html
[NbConvertApp] Converting notebook C:/Users/Yyy/AppData/Local/Temp/jekyll-jupyter-notebook20260503-41048-jwyugc.ipynb to html
[NbConvertApp] Converting notebook C:/Users/Yyy/AppData/Local/Temp/jekyll-jupyter-notebook20260503-41048-wg154.ipynb to html
[NbConvertApp] Converting notebook C:/Users/Yyy/AppData/Local/Temp/jekyll-jupyter-notebook20260503-41048-o1nc6x.ipynb to html
[NbConvertApp] Converting notebook C:/Users/Yyy/AppData/Local/Temp/jekyll-jupyter-notebook20260503-41048-hvdjks.ipynb to html
[NbConvertApp] Converting notebook C:/Users/Yyy/AppData/Local/Temp/jekyll-jupyter-notebook20260503-41048-fx7vsh.ipynb to html
[NbConvertApp] Converting notebook C:/Users/Yyy/AppData/Local/Temp/jekyll-jupyter-notebook20260503-41048-ahweps.ipynb to html
[NbConvertApp] Converting notebook C:/Users/Yyy/AppData/Local/Temp/jekyll-jupyter-notebook20260503-41048-xzwu71.ipynb to html
[NbConvertApp] Converting notebook C:/Users/Yyy/AppData/Local/Temp/jekyll-jupyter-notebook20260503-41048-xan8fn.ipynb to html
[NbConvertApp] Converting notebook C:/Users/Yyy/AppData/Local/Temp/jekyll-jupyter-notebook20260503-41048-twskbv.ipynb to html
[NbConvertApp] Converting notebook C:/Users/Yyy/AppData/Local/Temp/jekyll-jupyter-notebook20260503-41048-948c0h.ipynb to html
[NbConvertApp] Converting notebook C:/Users/Yyy/AppData/Local/Temp/jekyll-jupyter-notebook20260503-41048-e7dv3t.ipynb to html
[NbConvertApp] Converting notebook C:/Users/Yyy/AppData/Local/Temp/jekyll-jupyter-notebook20260503-41048-xbki5z.ipynb to html
[NbConvertApp] Converting notebook C:/Users/Yyy/AppData/Local/Temp/jekyll-jupyter-notebook20260503-41048-5ds41r.ipynb to html
[NbConvertApp] Converting notebook C:/Users/Yyy/AppData/Local/Temp/jekyll-jupyter-notebook20260503-41048-u6gdwl.ipynb to html
[NbConvertApp] Converting notebook C:/Users/Yyy/AppData/Local/Temp/jekyll-jupyter-notebook20260503-41048-gsxzfv.ipynb to html
[NbConvertApp] Converting notebook C:/Users/Yyy/AppData/Local/Temp/jekyll-jupyter-notebook20260503-41048-ef0n95.ipynb to html
[NbConvertApp] Converting notebook C:/Users/Yyy/AppData/Local/Temp/jekyll-jupyter-notebook20260503-41048-20oomb.ipynb to html
[NbConvertApp] Converting notebook C:/Users/Yyy/AppData/Local/Temp/jekyll-jupyter-notebook20260503-41048-xkbcr0.ipynb to html
[NbConvertApp] Converting notebook C:/Users/Yyy/AppData/Local/Temp/jekyll-jupyter-notebook20260503-41048-l5ccax.ipynb to html
[NbConvertApp] Converting notebook C:/Users/Yyy/AppData/Local/Temp/jekyll-jupyter-notebook20260503-41048-yikck8.ipynb to html
[NbConvertApp] Converting notebook C:/Users/Yyy/AppData/Local/Temp/jekyll-jupyter-notebook20260503-41048-3rg90.ipynb to html
[NbConvertApp] Converting notebook C:/Users/Yyy/AppData/Local/Temp/jekyll-jupyter-notebook20260503-41048-gtc3kz.ipynb to html
[NbConvertApp] Converting notebook C:/Users/Yyy/AppData/Local/Temp/jekyll-jupyter-notebook20260503-41048-if647i.ipynb to html
[NbConvertApp] Converting notebook C:/Users/Yyy/AppData/Local/Temp/jekyll-jupyter-notebook20260503-41048-izg6o5.ipynb to html
[NbConvertApp] Converting notebook C:/Users/Yyy/AppData/Local/Temp/jekyll-jupyter-notebook20260503-41048-hpy364.ipynb to html
[NbConvertApp] Converting notebook C:/Users/Yyy/AppData/Local/Temp/jekyll-jupyter-notebook20260503-41048-w1cfc8.ipynb to html
[NbConvertApp] Converting notebook C:/Users/Yyy/AppData/Local/Temp/jekyll-jupyter-notebook20260503-41048-41mmlg.ipynb to html
[NbConvertApp] Converting notebook C:/Users/Yyy/AppData/Local/Temp/jekyll-jupyter-notebook20260503-41048-n3t7zf.ipynb to html
[NbConvertApp] Converting notebook C:/Users/Yyy/AppData/Local/Temp/jekyll-jupyter-notebook20260503-41048-2nvwzc.ipynb to html
[NbConvertApp] Converting notebook C:/Users/Yyy/AppData/Local/Temp/jekyll-jupyter-notebook20260503-41048-9qxnxj.ipynb to html
[NbConvertApp] Converting notebook C:/Users/Yyy/AppData/Local/Temp/jekyll-jupyter-notebook20260503-41048-skj6uh.ipynb to html
[NbConvertApp] Converting notebook C:/Users/Yyy/AppData/Local/Temp/jekyll-jupyter-notebook20260503-41048-e1t322.ipynb to html
[NbConvertApp] Converting notebook C:/Users/Yyy/AppData/Local/Temp/jekyll-jupyter-notebook20260503-41048-i7f7is.ipynb to html
[NbConvertApp] Converting notebook C:/Users/Yyy/AppData/Local/Temp/jekyll-jupyter-notebook20260503-41048-us5wus.ipynb to html
[NbConvertApp] Converting notebook C:/Users/Yyy/AppData/Local/Temp/jekyll-jupyter-notebook20260503-41048-omysae.ipynb to html
[NbConvertApp] Converting notebook C:/Users/Yyy/AppData/Local/Temp/jekyll-jupyter-notebook20260503-41048-kyberd.ipynb to html
[NbConvertApp] Converting notebook C:/Users/Yyy/AppData/Local/Temp/jekyll-jupyter-notebook20260503-41048-fn5yf.ipynb to html
[NbConvertApp] Converting notebook C:/Users/Yyy/AppData/Local/Temp/jekyll-jupyter-notebook20260503-41048-olry6b.ipynb to html
[NbConvertApp] Converting notebook C:/Users/Yyy/AppData/Local/Temp/jekyll-jupyter-notebook20260503-41048-2ib34h.ipynb to html
[NbConvertApp] Converting notebook C:/Users/Yyy/AppData/Local/Temp/jekyll-jupyter-notebook20260503-41048-lt6t3m.ipynb to html
[NbConvertApp] Converting notebook C:/Users/Yyy/AppData/Local/Temp/jekyll-jupyter-notebook20260503-41048-we1l79.ipynb to html
