Configuration file: D:/personal_jianli/al-folio/_config.yml
            Source: D:/personal_jianli/al-folio
       Destination: D:/personal_jianli/al-folio/_site
 Incremental build: disabled. Enable with --incremental
      Generating... 
Terser: Minifying D:/personal_jianli/al-folio/assets/js/bibsearch.js
Terser: Minifying D:/personal_jianli/al-folio/assets/js/calendar-setup.js
Terser: Minifying D:/personal_jianli/al-folio/assets/js/chartjs-setup.js
Terser: Minifying D:/personal_jianli/al-folio/assets/js/common.js
Terser: Minifying D:/personal_jianli/al-folio/assets/js/copy_code.js
Terser: Minifying D:/personal_jianli/al-folio/assets/js/diff2html-setup.js
Terser: Minifying D:/personal_jianli/al-folio/assets/js/distillpub/overrides.js
Terser: Minifying D:/personal_jianli/al-folio/assets/js/distillpub/template.v2.js
Terser: Minifying D:/personal_jianli/al-folio/assets/js/distillpub/transforms.v2.js
Terser: Minifying D:/personal_jianli/al-folio/assets/js/echarts-setup.js
Terser: Minifying D:/personal_jianli/al-folio/assets/js/highlight-search-term.js
Terser: Minifying D:/personal_jianli/al-folio/assets/js/jupyter_new_tab.js
Terser: Minifying D:/personal_jianli/al-folio/assets/js/leaflet-setup.js
Terser: Minifying D:/personal_jianli/al-folio/assets/js/masonry.js
Terser: Minifying D:/personal_jianli/al-folio/assets/js/mathjax-setup.js
Terser: Minifying D:/personal_jianli/al-folio/assets/js/mermaid-setup.js
Terser: Minifying D:/personal_jianli/al-folio/assets/js/newsletter.js
Terser: Minifying D:/personal_jianli/al-folio/assets/js/no_defer.js
Terser: Minifying D:/personal_jianli/al-folio/assets/js/plotly-setup.js
Terser: Minifying D:/personal_jianli/al-folio/assets/js/progress-bar.js
Terser: Minifying D:/personal_jianli/al-folio/assets/js/pseudocode-setup.js
Terser: Minifying D:/personal_jianli/al-folio/assets/js/search-setup.js
Terser: Minifying D:/personal_jianli/al-folio/assets/js/shortcut-key.js
Terser: Minifying D:/personal_jianli/al-folio/assets/js/theme.js
Terser: Minifying D:/personal_jianli/al-folio/assets/js/tooltips-setup.js
Terser: Minifying D:/personal_jianli/al-folio/assets/js/typograms.js
Terser: Minifying D:/personal_jianli/al-folio/assets/js/vega-setup.js
Terser: Minifying D:/personal_jianli/al-folio/assets/js/venobox-setup.js
Terser: Minifying D:/personal_jianli/al-folio/assets/js/wechat.js
Terser: Minifying D:/personal_jianli/al-folio/assets/js/zoom.js
       Jekyll Feed: Generating feed for posts
         AutoPages: Disabled/Not configured in site.config.
        Pagination: Complete, processed 1 pagination page(s)
       Imagemagick: Disabled in site.config
                    done in 9.79 seconds.
 Auto-regeneration: enabled for 'D:/personal_jianli/al-folio'
    Server address: http://127.0.0.1:8080/
  Server running... press ctrl-c to stop.
      Regenerating: 1 file(s) changed at 2026-05-01 12:55:47
                    jekyll-8080.out.log
Terser: Minifying D:/personal_jianli/al-folio/assets/js/bibsearch.js
Terser: Minifying D:/personal_jianli/al-folio/assets/js/calendar-setup.js
Terser: Minifying D:/personal_jianli/al-folio/assets/js/chartjs-setup.js
Terser: Minifying D:/personal_jianli/al-folio/assets/js/common.js
Terser: Minifying D:/personal_jianli/al-folio/assets/js/copy_code.js
Terser: Minifying D:/personal_jianli/al-folio/assets/js/diff2html-setup.js
Terser: Minifying D:/personal_jianli/al-folio/assets/js/distillpub/overrides.js
Terser: Minifying D:/personal_jianli/al-folio/assets/js/distillpub/template.v2.js
Terser: Minifying D:/personal_jianli/al-folio/assets/js/distillpub/transforms.v2.js
Terser: Minifying D:/personal_jianli/al-folio/assets/js/echarts-setup.js
Terser: Minifying D:/personal_jianli/al-folio/assets/js/highlight-search-term.js
Terser: Minifying D:/personal_jianli/al-folio/assets/js/jupyter_new_tab.js
Terser: Minifying D:/personal_jianli/al-folio/assets/js/leaflet-setup.js
Terser: Minifying D:/personal_jianli/al-folio/assets/js/masonry.js
Terser: Minifying D:/personal_jianli/al-folio/assets/js/mathjax-setup.js
Terser: Minifying D:/personal_jianli/al-folio/assets/js/mermaid-setup.js
Terser: Minifying D:/personal_jianli/al-folio/assets/js/newsletter.js
Terser: Minifying D:/personal_jianli/al-folio/assets/js/no_defer.js
Terser: Minifying D:/personal_jianli/al-folio/assets/js/plotly-setup.js
Terser: Minifying D:/personal_jianli/al-folio/assets/js/progress-bar.js
Terser: Minifying D:/personal_jianli/al-folio/assets/js/pseudocode-setup.js
Terser: Minifying D:/personal_jianli/al-folio/assets/js/search-setup.js
Terser: Minifying D:/personal_jianli/al-folio/assets/js/shortcut-key.js
Terser: Minifying D:/personal_jianli/al-folio/assets/js/theme.js
Terser: Minifying D:/personal_jianli/al-folio/assets/js/tooltips-setup.js
Terser: Minifying D:/personal_jianli/al-folio/assets/js/typograms.js
Terser: Minifying D:/personal_jianli/al-folio/assets/js/vega-setup.js
Terser: Minifying D:/personal_jianli/al-folio/assets/js/venobox-setup.js
Terser: Minifying D:/personal_jianli/al-folio/assets/js/wechat.js
Terser: Minifying D:/personal_jianli/al-folio/assets/js/zoom.js
       Jekyll Feed: Generating feed for posts
         AutoPages: Disabled/Not configured in site.config.
        Pagination: Complete, processed 1 pagination page(s)
       Imagemagick: Disabled in site.config
                    ...done in 8.7731107 seconds.
                    
      Regenerating: 2 file(s) changed at 2026-05-01 12:55:56
                    jekyll-8080.out.log
                    jekyll-8080.err.log
Terser: Minifying D:/personal_jianli/al-folio/assets/js/bibsearch.js
Terser: Minifying D:/personal_jianli/al-folio/assets/js/calendar-setup.js
Terser: Minifying D:/personal_jianli/al-folio/assets/js/chartjs-setup.js
Terser: Minifying D:/personal_jianli/al-folio/assets/js/common.js
Terser: Minifying D:/personal_jianli/al-folio/assets/js/copy_code.js
Terser: Minifying D:/personal_jianli/al-folio/assets/js/diff2html-setup.js
Terser: Minifying D:/personal_jianli/al-folio/assets/js/distillpub/overrides.js
Terser: Minifying D:/personal_jianli/al-folio/assets/js/distillpub/template.v2.js
Terser: Minifying D:/personal_jianli/al-folio/assets/js/distillpub/transforms.v2.js
Terser: Minifying D:/personal_jianli/al-folio/assets/js/echarts-setup.js
Terser: Minifying D:/personal_jianli/al-folio/assets/js/highlight-search-term.js
Terser: Minifying D:/personal_jianli/al-folio/assets/js/jupyter_new_tab.js
Terser: Minifying D:/personal_jianli/al-folio/assets/js/leaflet-setup.js
Terser: Minifying D:/personal_jianli/al-folio/assets/js/masonry.js
Terser: Minifying D:/personal_jianli/al-folio/assets/js/mathjax-setup.js
Terser: Minifying D:/personal_jianli/al-folio/assets/js/mermaid-setup.js
Terser: Minifying D:/personal_jianli/al-folio/assets/js/newsletter.js
Terser: Minifying D:/personal_jianli/al-folio/assets/js/no_defer.js
Terser: Minifying D:/personal_jianli/al-folio/assets/js/plotly-setup.js
Terser: Minifying D:/personal_jianli/al-folio/assets/js/progress-bar.js
Terser: Minifying D:/personal_jianli/al-folio/assets/js/pseudocode-setup.js
Terser: Minifying D:/personal_jianli/al-folio/assets/js/search-setup.js
Terser: Minifying D:/personal_jianli/al-folio/assets/js/shortcut-key.js
Terser: Minifying D:/personal_jianli/al-folio/assets/js/theme.js
Terser: Minifying D:/personal_jianli/al-folio/assets/js/tooltips-setup.js
Terser: Minifying D:/personal_jianli/al-folio/assets/js/typograms.js
Terser: Minifying D:/personal_jianli/al-folio/assets/js/vega-setup.js
Terser: Minifying D:/personal_jianli/al-folio/assets/js/venobox-setup.js
Terser: Minifying D:/personal_jianli/al-folio/assets/js/wechat.js
Terser: Minifying D:/personal_jianli/al-folio/assets/js/zoom.js
       Jekyll Feed: Generating feed for posts
         AutoPages: Disabled/Not configured in site.config.
        Pagination: Complete, processed 1 pagination page(s)
       Imagemagick: Disabled in site.config
                    ...done in 8.6288692 seconds.
                    
      Regenerating: 2 file(s) changed at 2026-05-01 12:56:04
                    jekyll-8080.out.log
                    jekyll-8080.err.log
Terser: Minifying D:/personal_jianli/al-folio/assets/js/bibsearch.js
Terser: Minifying D:/personal_jianli/al-folio/assets/js/calendar-setup.js
Terser: Minifying D:/personal_jianli/al-folio/assets/js/chartjs-setup.js
Terser: Minifying D:/personal_jianli/al-folio/assets/js/common.js
Terser: Minifying D:/personal_jianli/al-folio/assets/js/copy_code.js
Terser: Minifying D:/personal_jianli/al-folio/assets/js/diff2html-setup.js
Terser: Minifying D:/personal_jianli/al-folio/assets/js/distillpub/overrides.js
Terser: Minifying D:/personal_jianli/al-folio/assets/js/distillpub/template.v2.js
Terser: Minifying D:/personal_jianli/al-folio/assets/js/distillpub/transforms.v2.js
Terser: Minifying D:/personal_jianli/al-folio/assets/js/echarts-setup.js
Terser: Minifying D:/personal_jianli/al-folio/assets/js/highlight-search-term.js
Terser: Minifying D:/personal_jianli/al-folio/assets/js/jupyter_new_tab.js
Terser: Minifying D:/personal_jianli/al-folio/assets/js/leaflet-setup.js
Terser: Minifying D:/personal_jianli/al-folio/assets/js/masonry.js
Terser: Minifying D:/personal_jianli/al-folio/assets/js/mathjax-setup.js
Terser: Minifying D:/personal_jianli/al-folio/assets/js/mermaid-setup.js
Terser: Minifying D:/personal_jianli/al-folio/assets/js/newsletter.js
Terser: Minifying D:/personal_jianli/al-folio/assets/js/no_defer.js
Terser: Minifying D:/personal_jianli/al-folio/assets/js/plotly-setup.js
Terser: Minifying D:/personal_jianli/al-folio/assets/js/progress-bar.js
Terser: Minifying D:/personal_jianli/al-folio/assets/js/pseudocode-setup.js
Terser: Minifying D:/personal_jianli/al-folio/assets/js/search-setup.js
Terser: Minifying D:/personal_jianli/al-folio/assets/js/shortcut-key.js
Terser: Minifying D:/personal_jianli/al-folio/assets/js/theme.js
Terser: Minifying D:/personal_jianli/al-folio/assets/js/tooltips-setup.js
Terser: Minifying D:/personal_jianli/al-folio/assets/js/typograms.js
Terser: Minifying D:/personal_jianli/al-folio/assets/js/vega-setup.js
Terser: Minifying D:/personal_jianli/al-folio/assets/js/venobox-setup.js
Terser: Minifying D:/personal_jianli/al-folio/assets/js/wechat.js
Terser: Minifying D:/personal_jianli/al-folio/assets/js/zoom.js
       Jekyll Feed: Generating feed for posts
         AutoPages: Disabled/Not configured in site.config.
        Pagination: Complete, processed 1 pagination page(s)
       Imagemagick: Disabled in site.config
[2026-05-01 12:56:07] ERROR Errno::ECONNRESET: An existing connection was forcibly closed by the remote host. @ io_fillbuf - fd:10 
	C:/Ruby33-x64/lib/ruby/gems/3.3.0/gems/webrick-1.9.2/lib/webrick/httpserver.rb:82:in `eof?'
	C:/Ruby33-x64/lib/ruby/gems/3.3.0/gems/webrick-1.9.2/lib/webrick/httpserver.rb:82:in `run'
	C:/Ruby33-x64/lib/ruby/gems/3.3.0/gems/webrick-1.9.2/lib/webrick/server.rb:309:in `block in start_thread'
                    ...done in 8.9479565 seconds.
                    
      Regenerating: 2 file(s) changed at 2026-05-01 12:56:13
                    jekyll-8080.out.log
                    jekyll-8080.err.log
Terser: Minifying D:/personal_jianli/al-folio/assets/js/bibsearch.js
Terser: Minifying D:/personal_jianli/al-folio/assets/js/calendar-setup.js
Terser: Minifying D:/personal_jianli/al-folio/assets/js/chartjs-setup.js
Terser: Minifying D:/personal_jianli/al-folio/assets/js/common.js
Terser: Minifying D:/personal_jianli/al-folio/assets/js/copy_code.js
Terser: Minifying D:/personal_jianli/al-folio/assets/js/diff2html-setup.js
Terser: Minifying D:/personal_jianli/al-folio/assets/js/distillpub/overrides.js
Terser: Minifying D:/personal_jianli/al-folio/assets/js/distillpub/template.v2.js
Terser: Minifying D:/personal_jianli/al-folio/assets/js/distillpub/transforms.v2.js
Terser: Minifying D:/personal_jianli/al-folio/assets/js/echarts-setup.js
Terser: Minifying D:/personal_jianli/al-folio/assets/js/highlight-search-term.js
Terser: Minifying D:/personal_jianli/al-folio/assets/js/jupyter_new_tab.js
Terser: Minifying D:/personal_jianli/al-folio/assets/js/leaflet-setup.js
Terser: Minifying D:/personal_jianli/al-folio/assets/js/masonry.js
Terser: Minifying D:/personal_jianli/al-folio/assets/js/mathjax-setup.js
Terser: Minifying D:/personal_jianli/al-folio/assets/js/mermaid-setup.js
Terser: Minifying D:/personal_jianli/al-folio/assets/js/newsletter.js
Terser: Minifying D:/personal_jianli/al-folio/assets/js/no_defer.js
Terser: Minifying D:/personal_jianli/al-folio/assets/js/plotly-setup.js
Terser: Minifying D:/personal_jianli/al-folio/assets/js/progress-bar.js
Terser: Minifying D:/personal_jianli/al-folio/assets/js/pseudocode-setup.js
Terser: Minifying D:/personal_jianli/al-folio/assets/js/search-setup.js
Terser: Minifying D:/personal_jianli/al-folio/assets/js/shortcut-key.js
Terser: Minifying D:/personal_jianli/al-folio/assets/js/theme.js
Terser: Minifying D:/personal_jianli/al-folio/assets/js/tooltips-setup.js
Terser: Minifying D:/personal_jianli/al-folio/assets/js/typograms.js
Terser: Minifying D:/personal_jianli/al-folio/assets/js/vega-setup.js
Terser: Minifying D:/personal_jianli/al-folio/assets/js/venobox-setup.js
Terser: Minifying D:/personal_jianli/al-folio/assets/js/wechat.js
Terser: Minifying D:/personal_jianli/al-folio/assets/js/zoom.js
       Jekyll Feed: Generating feed for posts
         AutoPages: Disabled/Not configured in site.config.
        Pagination: Complete, processed 1 pagination page(s)
       Imagemagick: Disabled in site.config
                    ...done in 8.8371914 seconds.
                    
      Regenerating: 2 file(s) changed at 2026-05-01 12:56:22
                    jekyll-8080.out.log
                    jekyll-8080.err.log
Terser: Minifying D:/personal_jianli/al-folio/assets/js/bibsearch.js
Terser: Minifying D:/personal_jianli/al-folio/assets/js/calendar-setup.js
Terser: Minifying D:/personal_jianli/al-folio/assets/js/chartjs-setup.js
Terser: Minifying D:/personal_jianli/al-folio/assets/js/common.js
Terser: Minifying D:/personal_jianli/al-folio/assets/js/copy_code.js
Terser: Minifying D:/personal_jianli/al-folio/assets/js/diff2html-setup.js
Terser: Minifying D:/personal_jianli/al-folio/assets/js/distillpub/overrides.js
Terser: Minifying D:/personal_jianli/al-folio/assets/js/distillpub/template.v2.js
Terser: Minifying D:/personal_jianli/al-folio/assets/js/distillpub/transforms.v2.js
Terser: Minifying D:/personal_jianli/al-folio/assets/js/echarts-setup.js
Terser: Minifying D:/personal_jianli/al-folio/assets/js/highlight-search-term.js
Terser: Minifying D:/personal_jianli/al-folio/assets/js/jupyter_new_tab.js
Terser: Minifying D:/personal_jianli/al-folio/assets/js/leaflet-setup.js
Terser: Minifying D:/personal_jianli/al-folio/assets/js/masonry.js
Terser: Minifying D:/personal_jianli/al-folio/assets/js/mathjax-setup.js
Terser: Minifying D:/personal_jianli/al-folio/assets/js/mermaid-setup.js
Terser: Minifying D:/personal_jianli/al-folio/assets/js/newsletter.js
Terser: Minifying D:/personal_jianli/al-folio/assets/js/no_defer.js
Terser: Minifying D:/personal_jianli/al-folio/assets/js/plotly-setup.js
Terser: Minifying D:/personal_jianli/al-folio/assets/js/progress-bar.js
Terser: Minifying D:/personal_jianli/al-folio/assets/js/pseudocode-setup.js
Terser: Minifying D:/personal_jianli/al-folio/assets/js/search-setup.js
Terser: Minifying D:/personal_jianli/al-folio/assets/js/shortcut-key.js
Terser: Minifying D:/personal_jianli/al-folio/assets/js/theme.js
Terser: Minifying D:/personal_jianli/al-folio/assets/js/tooltips-setup.js
Terser: Minifying D:/personal_jianli/al-folio/assets/js/typograms.js
Terser: Minifying D:/personal_jianli/al-folio/assets/js/vega-setup.js
Terser: Minifying D:/personal_jianli/al-folio/assets/js/venobox-setup.js
Terser: Minifying D:/personal_jianli/al-folio/assets/js/wechat.js
Terser: Minifying D:/personal_jianli/al-folio/assets/js/zoom.js
       Jekyll Feed: Generating feed for posts
         AutoPages: Disabled/Not configured in site.config.
        Pagination: Complete, processed 1 pagination page(s)
       Imagemagick: Disabled in site.config
[2026-05-01 12:56:28] ERROR Errno::ECONNRESET: An existing connection was forcibly closed by the remote host. @ io_fillbuf - fd:10 
	C:/Ruby33-x64/lib/ruby/gems/3.3.0/gems/webrick-1.9.2/lib/webrick/httpserver.rb:82:in `eof?'
	C:/Ruby33-x64/lib/ruby/gems/3.3.0/gems/webrick-1.9.2/lib/webrick/httpserver.rb:82:in `run'
	C:/Ruby33-x64/lib/ruby/gems/3.3.0/gems/webrick-1.9.2/lib/webrick/server.rb:309:in `block in start_thread'
                    ...done in 9.5324018 seconds.
                    
      Regenerating: 2 file(s) changed at 2026-05-01 12:56:32
                    jekyll-8080.out.log
                    jekyll-8080.err.log
Terser: Minifying D:/personal_jianli/al-folio/assets/js/bibsearch.js
Terser: Minifying D:/personal_jianli/al-folio/assets/js/calendar-setup.js
Terser: Minifying D:/personal_jianli/al-folio/assets/js/chartjs-setup.js
Terser: Minifying D:/personal_jianli/al-folio/assets/js/common.js
Terser: Minifying D:/personal_jianli/al-folio/assets/js/copy_code.js
Terser: Minifying D:/personal_jianli/al-folio/assets/js/diff2html-setup.js
Terser: Minifying D:/personal_jianli/al-folio/assets/js/distillpub/overrides.js
Terser: Minifying D:/personal_jianli/al-folio/assets/js/distillpub/template.v2.js
Terser: Minifying D:/personal_jianli/al-folio/assets/js/distillpub/transforms.v2.js
Terser: Minifying D:/personal_jianli/al-folio/assets/js/echarts-setup.js
Terser: Minifying D:/personal_jianli/al-folio/assets/js/highlight-search-term.js
Terser: Minifying D:/personal_jianli/al-folio/assets/js/jupyter_new_tab.js
Terser: Minifying D:/personal_jianli/al-folio/assets/js/leaflet-setup.js
Terser: Minifying D:/personal_jianli/al-folio/assets/js/masonry.js
Terser: Minifying D:/personal_jianli/al-folio/assets/js/mathjax-setup.js
Terser: Minifying D:/personal_jianli/al-folio/assets/js/mermaid-setup.js
Terser: Minifying D:/personal_jianli/al-folio/assets/js/newsletter.js
Terser: Minifying D:/personal_jianli/al-folio/assets/js/no_defer.js
Terser: Minifying D:/personal_jianli/al-folio/assets/js/plotly-setup.js
Terser: Minifying D:/personal_jianli/al-folio/assets/js/progress-bar.js
Terser: Minifying D:/personal_jianli/al-folio/assets/js/pseudocode-setup.js
Terser: Minifying D:/personal_jianli/al-folio/assets/js/search-setup.js
Terser: Minifying D:/personal_jianli/al-folio/assets/js/shortcut-key.js
Terser: Minifying D:/personal_jianli/al-folio/assets/js/theme.js
Terser: Minifying D:/personal_jianli/al-folio/assets/js/tooltips-setup.js
Terser: Minifying D:/personal_jianli/al-folio/assets/js/typograms.js
Terser: Minifying D:/personal_jianli/al-folio/assets/js/vega-setup.js
Terser: Minifying D:/personal_jianli/al-folio/assets/js/venobox-setup.js
Terser: Minifying D:/personal_jianli/al-folio/assets/js/wechat.js
Terser: Minifying D:/personal_jianli/al-folio/assets/js/zoom.js
       Jekyll Feed: Generating feed for posts
         AutoPages: Disabled/Not configured in site.config.
        Pagination: Complete, processed 1 pagination page(s)
       Imagemagick: Disabled in site.config
                    ...done in 9.0096116 seconds.
                    
      Regenerating: 2 file(s) changed at 2026-05-01 12:56:41
                    jekyll-8080.out.log
                    jekyll-8080.err.log
Terser: Minifying D:/personal_jianli/al-folio/assets/js/bibsearch.js
Terser: Minifying D:/personal_jianli/al-folio/assets/js/calendar-setup.js
Terser: Minifying D:/personal_jianli/al-folio/assets/js/chartjs-setup.js
Terser: Minifying D:/personal_jianli/al-folio/assets/js/common.js
Terser: Minifying D:/personal_jianli/al-folio/assets/js/copy_code.js
Terser: Minifying D:/personal_jianli/al-folio/assets/js/diff2html-setup.js
Terser: Minifying D:/personal_jianli/al-folio/assets/js/distillpub/overrides.js
Terser: Minifying D:/personal_jianli/al-folio/assets/js/distillpub/template.v2.js
Terser: Minifying D:/personal_jianli/al-folio/assets/js/distillpub/transforms.v2.js
Terser: Minifying D:/personal_jianli/al-folio/assets/js/echarts-setup.js
Terser: Minifying D:/personal_jianli/al-folio/assets/js/highlight-search-term.js
Terser: Minifying D:/personal_jianli/al-folio/assets/js/jupyter_new_tab.js
Terser: Minifying D:/personal_jianli/al-folio/assets/js/leaflet-setup.js
Terser: Minifying D:/personal_jianli/al-folio/assets/js/masonry.js
Terser: Minifying D:/personal_jianli/al-folio/assets/js/mathjax-setup.js
Terser: Minifying D:/personal_jianli/al-folio/assets/js/mermaid-setup.js
Terser: Minifying D:/personal_jianli/al-folio/assets/js/newsletter.js
Terser: Minifying D:/personal_jianli/al-folio/assets/js/no_defer.js
Terser: Minifying D:/personal_jianli/al-folio/assets/js/plotly-setup.js
Terser: Minifying D:/personal_jianli/al-folio/assets/js/progress-bar.js
Terser: Minifying D:/personal_jianli/al-folio/assets/js/pseudocode-setup.js
Terser: Minifying D:/personal_jianli/al-folio/assets/js/search-setup.js
Terser: Minifying D:/personal_jianli/al-folio/assets/js/shortcut-key.js
Terser: Minifying D:/personal_jianli/al-folio/assets/js/theme.js
Terser: Minifying D:/personal_jianli/al-folio/assets/js/tooltips-setup.js
Terser: Minifying D:/personal_jianli/al-folio/assets/js/typograms.js
Terser: Minifying D:/personal_jianli/al-folio/assets/js/vega-setup.js
Terser: Minifying D:/personal_jianli/al-folio/assets/js/venobox-setup.js
Terser: Minifying D:/personal_jianli/al-folio/assets/js/wechat.js
Terser: Minifying D:/personal_jianli/al-folio/assets/js/zoom.js
       Jekyll Feed: Generating feed for posts
         AutoPages: Disabled/Not configured in site.config.
        Pagination: Complete, processed 1 pagination page(s)
       Imagemagick: Disabled in site.config
                    ...done in 8.9404646 seconds.
                    
      Regenerating: 2 file(s) changed at 2026-05-01 12:56:50
                    jekyll-8080.out.log
                    jekyll-8080.err.log
Terser: Minifying D:/personal_jianli/al-folio/assets/js/bibsearch.js
Terser: Minifying D:/personal_jianli/al-folio/assets/js/calendar-setup.js
Terser: Minifying D:/personal_jianli/al-folio/assets/js/chartjs-setup.js
Terser: Minifying D:/personal_jianli/al-folio/assets/js/common.js
Terser: Minifying D:/personal_jianli/al-folio/assets/js/copy_code.js
Terser: Minifying D:/personal_jianli/al-folio/assets/js/diff2html-setup.js
Terser: Minifying D:/personal_jianli/al-folio/assets/js/distillpub/overrides.js
Terser: Minifying D:/personal_jianli/al-folio/assets/js/distillpub/template.v2.js
Terser: Minifying D:/personal_jianli/al-folio/assets/js/distillpub/transforms.v2.js
Terser: Minifying D:/personal_jianli/al-folio/assets/js/echarts-setup.js
Terser: Minifying D:/personal_jianli/al-folio/assets/js/highlight-search-term.js
Terser: Minifying D:/personal_jianli/al-folio/assets/js/jupyter_new_tab.js
Terser: Minifying D:/personal_jianli/al-folio/assets/js/leaflet-setup.js
Terser: Minifying D:/personal_jianli/al-folio/assets/js/masonry.js
Terser: Minifying D:/personal_jianli/al-folio/assets/js/mathjax-setup.js
Terser: Minifying D:/personal_jianli/al-folio/assets/js/mermaid-setup.js
Terser: Minifying D:/personal_jianli/al-folio/assets/js/newsletter.js
Terser: Minifying D:/personal_jianli/al-folio/assets/js/no_defer.js
Terser: Minifying D:/personal_jianli/al-folio/assets/js/plotly-setup.js
Terser: Minifying D:/personal_jianli/al-folio/assets/js/progress-bar.js
Terser: Minifying D:/personal_jianli/al-folio/assets/js/pseudocode-setup.js
Terser: Minifying D:/personal_jianli/al-folio/assets/js/search-setup.js
Terser: Minifying D:/personal_jianli/al-folio/assets/js/shortcut-key.js
Terser: Minifying D:/personal_jianli/al-folio/assets/js/theme.js
Terser: Minifying D:/personal_jianli/al-folio/assets/js/tooltips-setup.js
Terser: Minifying D:/personal_jianli/al-folio/assets/js/typograms.js
Terser: Minifying D:/personal_jianli/al-folio/assets/js/vega-setup.js
Terser: Minifying D:/personal_jianli/al-folio/assets/js/venobox-setup.js
Terser: Minifying D:/personal_jianli/al-folio/assets/js/wechat.js
Terser: Minifying D:/personal_jianli/al-folio/assets/js/zoom.js
       Jekyll Feed: Generating feed for posts
         AutoPages: Disabled/Not configured in site.config.
        Pagination: Complete, processed 1 pagination page(s)
       Imagemagick: Disabled in site.config
